<?xml version="1.0" encoding="UTF-8"?>
<testsuite xmlns:xsi="http://www.w3.org/2001/XMLSchema-instance" xsi:noNamespaceSchemaLocation="https://maven.apache.org/surefire/maven-surefire-plugin/xsd/surefire-test-report-3.0.xsd" version="3.0" name="TestSuite" time="96.42" tests="3" errors="0" skipped="0" failures="0">
  <properties>
    <property name="sun.desktop" value="windows"/>
    <property name="awt.toolkit" value="sun.awt.windows.WToolkit"/>
    <property name="java.specification.version" value="11"/>
    <property name="webdriver.chrome.driver" value="C:\Users\walkingtree\.cache\selenium\chromedriver\win64\129.0.6668.91\chromedriver.exe"/>
    <property name="sun.cpu.isalist" value="amd64"/>
    <property name="sun.jnu.encoding" value="Cp1252"/>
    <property name="java.class.path" value="C:\Users\walkingtree\Test_Entrata\target\test-classes;C:\Users\walkingtree\Test_Entrata\target\classes;C:\Users\walkingtree\.m2\repository\junit\junit\4.11\junit-4.11.jar;C:\Users\walkingtree\.m2\repository\org\hamcrest\hamcrest-core\1.3\hamcrest-core-1.3.jar;C:\Users\walkingtree\.m2\repository\io\cucumber\cucumber-java\7.10.1\cucumber-java-7.10.1.jar;C:\Users\walkingtree\.m2\repository\org\apiguardian\apiguardian-api\1.1.2\apiguardian-api-1.1.2.jar;C:\Users\walkingtree\.m2\repository\io\cucumber\cucumber-junit\7.10.1\cucumber-junit-7.10.1.jar;C:\Users\walkingtree\.m2\repository\io\cucumber\cucumber-core\7.10.1\cucumber-core-7.10.1.jar;C:\Users\walkingtree\.m2\repository\io\cucumber\cucumber-gherkin\7.10.1\cucumber-gherkin-7.10.1.jar;C:\Users\walkingtree\.m2\repository\io\cucumber\cucumber-gherkin-messages\7.10.1\cucumber-gherkin-messages-7.10.1.jar;C:\Users\walkingtree\.m2\repository\io\cucumber\gherkin\25.0.2\gherkin-25.0.2.jar;C:\Users\walkingtree\.m2\repository\io\cucumber\messages\19.1.4\messages-19.1.4.jar;C:\Users\walkingtree\.m2\repository\io\cucumber\tag-expressions\4.1.0\tag-expressions-4.1.0.jar;C:\Users\walkingtree\.m2\repository\io\cucumber\cucumber-expressions\16.1.1\cucumber-expressions-16.1.1.jar;C:\Users\walkingtree\.m2\repository\io\cucumber\datatable\7.10.1\datatable-7.10.1.jar;C:\Users\walkingtree\.m2\repository\io\cucumber\cucumber-plugin\7.10.1\cucumber-plugin-7.10.1.jar;C:\Users\walkingtree\.m2\repository\io\cucumber\docstring\7.10.1\docstring-7.10.1.jar;C:\Users\walkingtree\.m2\repository\io\cucumber\html-formatter\20.2.0\html-formatter-20.2.0.jar;C:\Users\walkingtree\.m2\repository\io\cucumber\ci-environment\9.1.0\ci-environment-9.1.0.jar;C:\Users\walkingtree\.m2\repository\io\github\bonigarcia\webdrivermanager\5.5.3\webdrivermanager-5.5.3.jar;C:\Users\walkingtree\.m2\repository\org\slf4j\slf4j-api\2.0.7\slf4j-api-2.0.7.jar;C:\Users\walkingtree\.m2\repository\com\google\code\gson\gson\2.10.1\gson-2.10.1.jar;C:\Users\walkingtree\.m2\repository\com\github\docker-java\docker-java\3.3.3\docker-java-3.3.3.jar;C:\Users\walkingtree\.m2\repository\com\github\docker-java\docker-java-core\3.3.3\docker-java-core-3.3.3.jar;C:\Users\walkingtree\.m2\repository\com\github\docker-java\docker-java-api\3.3.3\docker-java-api-3.3.3.jar;C:\Users\walkingtree\.m2\repository\org\apache\commons\commons-compress\1.21\commons-compress-1.21.jar;C:\Users\walkingtree\.m2\repository\org\bouncycastle\bcpkix-jdk18on\1.75\bcpkix-jdk18on-1.75.jar;C:\Users\walkingtree\.m2\repository\org\bouncycastle\bcprov-jdk18on\1.75\bcprov-jdk18on-1.75.jar;C:\Users\walkingtree\.m2\repository\org\bouncycastle\bcutil-jdk18on\1.75\bcutil-jdk18on-1.75.jar;C:\Users\walkingtree\.m2\repository\org\slf4j\jcl-over-slf4j\1.7.30\jcl-over-slf4j-1.7.30.jar;C:\Users\walkingtree\.m2\repository\com\github\docker-java\docker-java-transport-httpclient5\3.3.3\docker-java-transport-httpclient5-3.3.3.jar;C:\Users\walkingtree\.m2\repository\com\github\docker-java\docker-java-transport\3.3.3\docker-java-transport-3.3.3.jar;C:\Users\walkingtree\.m2\repository\net\java\dev\jna\jna\5.12.1\jna-5.12.1.jar;C:\Users\walkingtree\.m2\repository\org\brotli\dec\0.1.2\dec-0.1.2.jar;C:\Users\walkingtree\.m2\repository\org\apache\commons\commons-lang3\3.13.0\commons-lang3-3.13.0.jar;C:\Users\walkingtree\.m2\repository\org\apache\httpcomponents\client5\httpclient5\5.2.1\httpclient5-5.2.1.jar;C:\Users\walkingtree\.m2\repository\org\apache\httpcomponents\core5\httpcore5\5.2\httpcore5-5.2.jar;C:\Users\walkingtree\.m2\repository\org\apache\httpcomponents\core5\httpcore5-h2\5.2\httpcore5-h2-5.2.jar;C:\Users\walkingtree\.m2\repository\org\seleniumhq\selenium\selenium-java\4.12.0\selenium-java-4.12.0.jar;C:\Users\walkingtree\.m2\repository\org\seleniumhq\selenium\selenium-api\4.12.0\selenium-api-4.12.0.jar;C:\Users\walkingtree\.m2\repository\org\seleniumhq\selenium\selenium-chrome-driver\4.12.0\selenium-chrome-driver-4.12.0.jar;C:\Users\walkingtree\.m2\repository\com\google\auto\service\auto-service-annotations\1.1.1\auto-service-annotations-1.1.1.jar;C:\Users\walkingtree\.m2\repository\com\google\guava\guava\32.1.2-jre\guava-32.1.2-jre.jar;C:\Users\walkingtree\.m2\repository\com\google\guava\failureaccess\1.0.1\failureaccess-1.0.1.jar;C:\Users\walkingtree\.m2\repository\com\google\guava\listenablefuture\9999.0-empty-to-avoid-conflict-with-guava\listenablefuture-9999.0-empty-to-avoid-conflict-with-guava.jar;C:\Users\walkingtree\.m2\repository\com\google\code\findbugs\jsr305\3.0.2\jsr305-3.0.2.jar;C:\Users\walkingtree\.m2\repository\org\checkerframework\checker-qual\3.33.0\checker-qual-3.33.0.jar;C:\Users\walkingtree\.m2\repository\com\google\errorprone\error_prone_annotations\2.18.0\error_prone_annotations-2.18.0.jar;C:\Users\walkingtree\.m2\repository\com\google\j2objc\j2objc-annotations\2.8\j2objc-annotations-2.8.jar;C:\Users\walkingtree\.m2\repository\org\seleniumhq\selenium\selenium-chromium-driver\4.12.0\selenium-chromium-driver-4.12.0.jar;C:\Users\walkingtree\.m2\repository\org\seleniumhq\selenium\selenium-json\4.12.0\selenium-json-4.12.0.jar;C:\Users\walkingtree\.m2\repository\org\seleniumhq\selenium\selenium-manager\4.12.0\selenium-manager-4.12.0.jar;C:\Users\walkingtree\.m2\repository\org\seleniumhq\selenium\selenium-devtools-v114\4.12.0\selenium-devtools-v114-4.12.0.jar;C:\Users\walkingtree\.m2\repository\org\seleniumhq\selenium\selenium-devtools-v115\4.12.0\selenium-devtools-v115-4.12.0.jar;C:\Users\walkingtree\.m2\repository\org\seleniumhq\selenium\selenium-devtools-v116\4.12.0\selenium-devtools-v116-4.12.0.jar;C:\Users\walkingtree\.m2\repository\org\seleniumhq\selenium\selenium-devtools-v85\4.12.0\selenium-devtools-v85-4.12.0.jar;C:\Users\walkingtree\.m2\repository\org\seleniumhq\selenium\selenium-edge-driver\4.12.0\selenium-edge-driver-4.12.0.jar;C:\Users\walkingtree\.m2\repository\org\seleniumhq\selenium\selenium-firefox-driver\4.12.0\selenium-firefox-driver-4.12.0.jar;C:\Users\walkingtree\.m2\repository\org\seleniumhq\selenium\selenium-http\4.12.0\selenium-http-4.12.0.jar;C:\Users\walkingtree\.m2\repository\dev\failsafe\failsafe\3.3.2\failsafe-3.3.2.jar;C:\Users\walkingtree\.m2\repository\org\seleniumhq\selenium\selenium-ie-driver\4.12.0\selenium-ie-driver-4.12.0.jar;C:\Users\walkingtree\.m2\repository\org\seleniumhq\selenium\selenium-remote-driver\4.12.0\selenium-remote-driver-4.12.0.jar;C:\Users\walkingtree\.m2\repository\io\netty\netty-buffer\4.1.96.Final\netty-buffer-4.1.96.Final.jar;C:\Users\walkingtree\.m2\repository\io\netty\netty-codec-http\4.1.96.Final\netty-codec-http-4.1.96.Final.jar;C:\Users\walkingtree\.m2\repository\io\netty\netty-codec\4.1.96.Final\netty-codec-4.1.96.Final.jar;C:\Users\walkingtree\.m2\repository\io\netty\netty-handler\4.1.96.Final\netty-handler-4.1.96.Final.jar;C:\Users\walkingtree\.m2\repository\io\netty\netty-common\4.1.96.Final\netty-common-4.1.96.Final.jar;C:\Users\walkingtree\.m2\repository\io\netty\netty-transport-classes-epoll\4.1.96.Final\netty-transport-classes-epoll-4.1.96.Final.jar;C:\Users\walkingtree\.m2\repository\io\netty\netty-transport-classes-kqueue\4.1.96.Final\netty-transport-classes-kqueue-4.1.96.Final.jar;C:\Users\walkingtree\.m2\repository\io\netty\netty-transport-native-epoll\4.1.96.Final\netty-transport-native-epoll-4.1.96.Final.jar;C:\Users\walkingtree\.m2\repository\io\netty\netty-transport-native-kqueue\4.1.96.Final\netty-transport-native-kqueue-4.1.96.Final.jar;C:\Users\walkingtree\.m2\repository\io\netty\netty-transport-native-unix-common\4.1.96.Final\netty-transport-native-unix-common-4.1.96.Final.jar;C:\Users\walkingtree\.m2\repository\io\netty\netty-transport\4.1.96.Final\netty-transport-4.1.96.Final.jar;C:\Users\walkingtree\.m2\repository\io\netty\netty-resolver\4.1.96.Final\netty-resolver-4.1.96.Final.jar;C:\Users\walkingtree\.m2\repository\io\opentelemetry\opentelemetry-api\1.28.0\opentelemetry-api-1.28.0.jar;C:\Users\walkingtree\.m2\repository\io\opentelemetry\opentelemetry-context\1.28.0\opentelemetry-context-1.28.0.jar;C:\Users\walkingtree\.m2\repository\io\opentelemetry\opentelemetry-exporter-logging\1.28.0\opentelemetry-exporter-logging-1.28.0.jar;C:\Users\walkingtree\.m2\repository\io\opentelemetry\opentelemetry-sdk-metrics\1.28.0\opentelemetry-sdk-metrics-1.28.0.jar;C:\Users\walkingtree\.m2\repository\io\opentelemetry\opentelemetry-extension-incubator\1.28.0-alpha\opentelemetry-extension-incubator-1.28.0-alpha.jar;C:\Users\walkingtree\.m2\repository\io\opentelemetry\opentelemetry-sdk-logs\1.28.0\opentelemetry-sdk-logs-1.28.0.jar;C:\Users\walkingtree\.m2\repository\io\opentelemetry\opentelemetry-sdk-common\1.28.0\opentelemetry-sdk-common-1.28.0.jar;C:\Users\walkingtree\.m2\repository\io\opentelemetry\opentelemetry-sdk-extension-autoconfigure-spi\1.28.0\opentelemetry-sdk-extension-autoconfigure-spi-1.28.0.jar;C:\Users\walkingtree\.m2\repository\io\opentelemetry\opentelemetry-sdk-extension-autoconfigure\1.28.0\opentelemetry-sdk-extension-autoconfigure-1.28.0.jar;C:\Users\walkingtree\.m2\repository\io\opentelemetry\opentelemetry-api-events\1.28.0-alpha\opentelemetry-api-events-1.28.0-alpha.jar;C:\Users\walkingtree\.m2\repository\io\opentelemetry\opentelemetry-sdk-trace\1.28.0\opentelemetry-sdk-trace-1.28.0.jar;C:\Users\walkingtree\.m2\repository\io\opentelemetry\opentelemetry-sdk\1.28.0\opentelemetry-sdk-1.28.0.jar;C:\Users\walkingtree\.m2\repository\io\opentelemetry\opentelemetry-semconv\1.28.0-alpha\opentelemetry-semconv-1.28.0-alpha.jar;C:\Users\walkingtree\.m2\repository\net\bytebuddy\byte-buddy\1.14.5\byte-buddy-1.14.5.jar;C:\Users\walkingtree\.m2\repository\org\asynchttpclient\async-http-client\2.12.3\async-http-client-2.12.3.jar;C:\Users\walkingtree\.m2\repository\org\asynchttpclient\async-http-client-netty-utils\2.12.3\async-http-client-netty-utils-2.12.3.jar;C:\Users\walkingtree\.m2\repository\io\netty\netty-codec-socks\4.1.60.Final\netty-codec-socks-4.1.60.Final.jar;C:\Users\walkingtree\.m2\repository\io\netty\netty-handler-proxy\4.1.60.Final\netty-handler-proxy-4.1.60.Final.jar;C:\Users\walkingtree\.m2\repository\io\netty\netty-transport-native-epoll\4.1.60.Final\netty-transport-native-epoll-4.1.60.Final-linux-x86_64.jar;C:\Users\walkingtree\.m2\repository\io\netty\netty-transport-native-kqueue\4.1.60.Final\netty-transport-native-kqueue-4.1.60.Final-osx-x86_64.jar;C:\Users\walkingtree\.m2\repository\com\typesafe\netty\netty-reactive-streams\2.0.4\netty-reactive-streams-2.0.4.jar;C:\Users\walkingtree\.m2\repository\com\sun\activation\jakarta.activation\1.2.2\jakarta.activation-1.2.2.jar;C:\Users\walkingtree\.m2\repository\org\seleniumhq\selenium\selenium-os\4.12.0\selenium-os-4.12.0.jar;C:\Users\walkingtree\.m2\repository\org\apache\commons\commons-exec\1.3\commons-exec-1.3.jar;C:\Users\walkingtree\.m2\repository\org\seleniumhq\selenium\selenium-safari-driver\4.12.0\selenium-safari-driver-4.12.0.jar;C:\Users\walkingtree\.m2\repository\org\seleniumhq\selenium\selenium-support\4.12.0\selenium-support-4.12.0.jar;C:\Users\walkingtree\.m2\repository\net\masterthought\maven-cucumber-reporting\5.7.4\maven-cucumber-reporting-5.7.4.jar;C:\Users\walkingtree\.m2\repository\org\apache\maven\maven-plugin-api\3.8.6\maven-plugin-api-3.8.6.jar;C:\Users\walkingtree\.m2\repository\org\apache\maven\maven-model\3.8.6\maven-model-3.8.6.jar;C:\Users\walkingtree\.m2\repository\org\apache\maven\maven-artifact\3.8.6\maven-artifact-3.8.6.jar;C:\Users\walkingtree\.m2\repository\org\eclipse\sisu\org.eclipse.sisu.plexus\0.3.5\org.eclipse.sisu.plexus-0.3.5.jar;C:\Users\walkingtree\.m2\repository\javax\annotation\javax.annotation-api\1.2\javax.annotation-api-1.2.jar;C:\Users\walkingtree\.m2\repository\org\eclipse\sisu\org.eclipse.sisu.inject\0.3.5\org.eclipse.sisu.inject-0.3.5.jar;C:\Users\walkingtree\.m2\repository\org\codehaus\plexus\plexus-component-annotations\1.5.5\plexus-component-annotations-1.5.5.jar;C:\Users\walkingtree\.m2\repository\org\codehaus\plexus\plexus-utils\3.3.1\plexus-utils-3.3.1.jar;C:\Users\walkingtree\.m2\repository\org\codehaus\plexus\plexus-classworlds\2.6.0\plexus-classworlds-2.6.0.jar;C:\Users\walkingtree\.m2\repository\commons-collections\commons-collections\3.2.2\commons-collections-3.2.2.jar;C:\Users\walkingtree\.m2\repository\net\masterthought\cucumber-reporting\5.7.4\cucumber-reporting-5.7.4.jar;C:\Users\walkingtree\.m2\repository\com\fasterxml\jackson\core\jackson-databind\2.13.2.2\jackson-databind-2.13.2.2.jar;C:\Users\walkingtree\.m2\repository\com\fasterxml\jackson\core\jackson-annotations\2.13.2\jackson-annotations-2.13.2.jar;C:\Users\walkingtree\.m2\repository\com\fasterxml\jackson\core\jackson-core\2.13.2\jackson-core-2.13.2.jar;C:\Users\walkingtree\.m2\repository\com\fasterxml\jackson\datatype\jackson-datatype-jsr310\2.13.2\jackson-datatype-jsr310-2.13.2.jar;C:\Users\walkingtree\.m2\repository\org\apache\velocity\velocity-engine-core\2.3\velocity-engine-core-2.3.jar;C:\Users\walkingtree\.m2\repository\org\apache\commons\commons-collections4\4.4\commons-collections4-4.4.jar;C:\Users\walkingtree\.m2\repository\joda-time\joda-time\2.10.14\joda-time-2.10.14.jar;C:\Users\walkingtree\.m2\repository\commons-io\commons-io\2.7\commons-io-2.7.jar;C:\Users\walkingtree\.m2\repository\com\googlecode\owasp-java-html-sanitizer\owasp-java-html-sanitizer\20211018.2\owasp-java-html-sanitizer-20211018.2.jar;C:\Users\walkingtree\.m2\repository\commons-configuration\commons-configuration\1.10\commons-configuration-1.10.jar;C:\Users\walkingtree\.m2\repository\commons-lang\commons-lang\2.6\commons-lang-2.6.jar;C:\Users\walkingtree\.m2\repository\com\aventstack\klov-reporter\5.1.0\klov-reporter-5.1.0.jar;C:\Users\walkingtree\.m2\repository\org\mongodb\mongodb-driver\3.6.4\mongodb-driver-3.6.4.jar;C:\Users\walkingtree\.m2\repository\org\mongodb\mongodb-driver-core\3.6.4\mongodb-driver-core-3.6.4.jar;C:\Users\walkingtree\.m2\repository\org\mongodb\bson\3.6.4\bson-3.6.4.jar;C:\Users\walkingtree\.m2\repository\org\apache\httpcomponents\httpclient\4.5.13\httpclient-4.5.13.jar;C:\Users\walkingtree\.m2\repository\org\apache\httpcomponents\httpcore\4.4.13\httpcore-4.4.13.jar;C:\Users\walkingtree\.m2\repository\commons-logging\commons-logging\1.2\commons-logging-1.2.jar;C:\Users\walkingtree\.m2\repository\commons-codec\commons-codec\1.11\commons-codec-1.11.jar;C:\Users\walkingtree\.m2\repository\org\apache\httpcomponents\httpmime\4.5.13\httpmime-4.5.13.jar;C:\Users\walkingtree\.m2\repository\io\cucumber\cucumber-testng\7.8.1\cucumber-testng-7.8.1.jar;C:\Users\walkingtree\.m2\repository\com\relevantcodes\extentreports\2.41.2\extentreports-2.41.2.jar;C:\Users\walkingtree\.m2\repository\org\jsoup\jsoup\1.8.3\jsoup-1.8.3.jar;C:\Users\walkingtree\.m2\repository\org\xerial\sqlite-jdbc\3.8.11.1\sqlite-jdbc-3.8.11.1.jar;C:\Users\walkingtree\.m2\repository\org\freemarker\freemarker\2.3.23\freemarker-2.3.23.jar;C:\Users\walkingtree\.m2\repository\com\aventstack\extentreports\5.1.0\extentreports-5.1.0.jar;C:\Users\walkingtree\.m2\repository\io\reactivex\rxjava3\rxjava\3.1.6\rxjava-3.1.6.jar;C:\Users\walkingtree\.m2\repository\org\reactivestreams\reactive-streams\1.0.4\reactive-streams-1.0.4.jar;C:\Users\walkingtree\.m2\repository\org\projectlombok\lombok\1.18.26\lombok-1.18.26.jar;C:\Users\walkingtree\.m2\repository\log4j\log4j\1.2.17\log4j-1.2.17.jar;C:\Users\walkingtree\.m2\repository\org\testng\testng\7.4.0\testng-7.4.0.jar;C:\Users\walkingtree\.m2\repository\com\beust\jcommander\1.78\jcommander-1.78.jar;C:\Users\walkingtree\.m2\repository\org\webjars\jquery\3.5.1\jquery-3.5.1.jar;"/>
    <property name="java.vm.vendor" value="Oracle Corporation"/>
    <property name="sun.arch.data.model" value="64"/>
    <property name="user.variant" value=""/>
    <property name="java.vendor.url" value="https://openjdk.java.net/"/>
    <property name="user.timezone" value="Asia/Calcutta"/>
    <property name="java.vm.specification.version" value="11"/>
    <property name="os.name" value="Windows 11"/>
    <property name="sun.java.launcher" value="SUN_STANDARD"/>
    <property name="user.country" value="US"/>
    <property name="sun.boot.library.path" value="C:\Program Files\Java\jdk-11.0.17\bin"/>
    <property name="sun.java.command" value="C:\Users\walkingtree\AppData\Local\Temp\surefire17906799202728123798\surefirebooter3479996656163446560.jar C:\Users\walkingtree\AppData\Local\Temp\surefire17906799202728123798 2024-10-09T23-36-55_636-jvmRun1 surefire301378570698066900tmp surefire_011967332749562619922tmp"/>
    <property name="jdk.debug" value="release"/>
    <property name="surefire.test.class.path" value="C:\Users\walkingtree\Test_Entrata\target\test-classes;C:\Users\walkingtree\Test_Entrata\target\classes;C:\Users\walkingtree\.m2\repository\junit\junit\4.11\junit-4.11.jar;C:\Users\walkingtree\.m2\repository\org\hamcrest\hamcrest-core\1.3\hamcrest-core-1.3.jar;C:\Users\walkingtree\.m2\repository\io\cucumber\cucumber-java\7.10.1\cucumber-java-7.10.1.jar;C:\Users\walkingtree\.m2\repository\org\apiguardian\apiguardian-api\1.1.2\apiguardian-api-1.1.2.jar;C:\Users\walkingtree\.m2\repository\io\cucumber\cucumber-junit\7.10.1\cucumber-junit-7.10.1.jar;C:\Users\walkingtree\.m2\repository\io\cucumber\cucumber-core\7.10.1\cucumber-core-7.10.1.jar;C:\Users\walkingtree\.m2\repository\io\cucumber\cucumber-gherkin\7.10.1\cucumber-gherkin-7.10.1.jar;C:\Users\walkingtree\.m2\repository\io\cucumber\cucumber-gherkin-messages\7.10.1\cucumber-gherkin-messages-7.10.1.jar;C:\Users\walkingtree\.m2\repository\io\cucumber\gherkin\25.0.2\gherkin-25.0.2.jar;C:\Users\walkingtree\.m2\repository\io\cucumber\messages\19.1.4\messages-19.1.4.jar;C:\Users\walkingtree\.m2\repository\io\cucumber\tag-expressions\4.1.0\tag-expressions-4.1.0.jar;C:\Users\walkingtree\.m2\repository\io\cucumber\cucumber-expressions\16.1.1\cucumber-expressions-16.1.1.jar;C:\Users\walkingtree\.m2\repository\io\cucumber\datatable\7.10.1\datatable-7.10.1.jar;C:\Users\walkingtree\.m2\repository\io\cucumber\cucumber-plugin\7.10.1\cucumber-plugin-7.10.1.jar;C:\Users\walkingtree\.m2\repository\io\cucumber\docstring\7.10.1\docstring-7.10.1.jar;C:\Users\walkingtree\.m2\repository\io\cucumber\html-formatter\20.2.0\html-formatter-20.2.0.jar;C:\Users\walkingtree\.m2\repository\io\cucumber\ci-environment\9.1.0\ci-environment-9.1.0.jar;C:\Users\walkingtree\.m2\repository\io\github\bonigarcia\webdrivermanager\5.5.3\webdrivermanager-5.5.3.jar;C:\Users\walkingtree\.m2\repository\org\slf4j\slf4j-api\2.0.7\slf4j-api-2.0.7.jar;C:\Users\walkingtree\.m2\repository\com\google\code\gson\gson\2.10.1\gson-2.10.1.jar;C:\Users\walkingtree\.m2\repository\com\github\docker-java\docker-java\3.3.3\docker-java-3.3.3.jar;C:\Users\walkingtree\.m2\repository\com\github\docker-java\docker-java-core\3.3.3\docker-java-core-3.3.3.jar;C:\Users\walkingtree\.m2\repository\com\github\docker-java\docker-java-api\3.3.3\docker-java-api-3.3.3.jar;C:\Users\walkingtree\.m2\repository\org\apache\commons\commons-compress\1.21\commons-compress-1.21.jar;C:\Users\walkingtree\.m2\repository\org\bouncycastle\bcpkix-jdk18on\1.75\bcpkix-jdk18on-1.75.jar;C:\Users\walkingtree\.m2\repository\org\bouncycastle\bcprov-jdk18on\1.75\bcprov-jdk18on-1.75.jar;C:\Users\walkingtree\.m2\repository\org\bouncycastle\bcutil-jdk18on\1.75\bcutil-jdk18on-1.75.jar;C:\Users\walkingtree\.m2\repository\org\slf4j\jcl-over-slf4j\1.7.30\jcl-over-slf4j-1.7.30.jar;C:\Users\walkingtree\.m2\repository\com\github\docker-java\docker-java-transport-httpclient5\3.3.3\docker-java-transport-httpclient5-3.3.3.jar;C:\Users\walkingtree\.m2\repository\com\github\docker-java\docker-java-transport\3.3.3\docker-java-transport-3.3.3.jar;C:\Users\walkingtree\.m2\repository\net\java\dev\jna\jna\5.12.1\jna-5.12.1.jar;C:\Users\walkingtree\.m2\repository\org\brotli\dec\0.1.2\dec-0.1.2.jar;C:\Users\walkingtree\.m2\repository\org\apache\commons\commons-lang3\3.13.0\commons-lang3-3.13.0.jar;C:\Users\walkingtree\.m2\repository\org\apache\httpcomponents\client5\httpclient5\5.2.1\httpclient5-5.2.1.jar;C:\Users\walkingtree\.m2\repository\org\apache\httpcomponents\core5\httpcore5\5.2\httpcore5-5.2.jar;C:\Users\walkingtree\.m2\repository\org\apache\httpcomponents\core5\httpcore5-h2\5.2\httpcore5-h2-5.2.jar;C:\Users\walkingtree\.m2\repository\org\seleniumhq\selenium\selenium-java\4.12.0\selenium-java-4.12.0.jar;C:\Users\walkingtree\.m2\repository\org\seleniumhq\selenium\selenium-api\4.12.0\selenium-api-4.12.0.jar;C:\Users\walkingtree\.m2\repository\org\seleniumhq\selenium\selenium-chrome-driver\4.12.0\selenium-chrome-driver-4.12.0.jar;C:\Users\walkingtree\.m2\repository\com\google\auto\service\auto-service-annotations\1.1.1\auto-service-annotations-1.1.1.jar;C:\Users\walkingtree\.m2\repository\com\google\guava\guava\32.1.2-jre\guava-32.1.2-jre.jar;C:\Users\walkingtree\.m2\repository\com\google\guava\failureaccess\1.0.1\failureaccess-1.0.1.jar;C:\Users\walkingtree\.m2\repository\com\google\guava\listenablefuture\9999.0-empty-to-avoid-conflict-with-guava\listenablefuture-9999.0-empty-to-avoid-conflict-with-guava.jar;C:\Users\walkingtree\.m2\repository\com\google\code\findbugs\jsr305\3.0.2\jsr305-3.0.2.jar;C:\Users\walkingtree\.m2\repository\org\checkerframework\checker-qual\3.33.0\checker-qual-3.33.0.jar;C:\Users\walkingtree\.m2\repository\com\google\errorprone\error_prone_annotations\2.18.0\error_prone_annotations-2.18.0.jar;C:\Users\walkingtree\.m2\repository\com\google\j2objc\j2objc-annotations\2.8\j2objc-annotations-2.8.jar;C:\Users\walkingtree\.m2\repository\org\seleniumhq\selenium\selenium-chromium-driver\4.12.0\selenium-chromium-driver-4.12.0.jar;C:\Users\walkingtree\.m2\repository\org\seleniumhq\selenium\selenium-json\4.12.0\selenium-json-4.12.0.jar;C:\Users\walkingtree\.m2\repository\org\seleniumhq\selenium\selenium-manager\4.12.0\selenium-manager-4.12.0.jar;C:\Users\walkingtree\.m2\repository\org\seleniumhq\selenium\selenium-devtools-v114\4.12.0\selenium-devtools-v114-4.12.0.jar;C:\Users\walkingtree\.m2\repository\org\seleniumhq\selenium\selenium-devtools-v115\4.12.0\selenium-devtools-v115-4.12.0.jar;C:\Users\walkingtree\.m2\repository\org\seleniumhq\selenium\selenium-devtools-v116\4.12.0\selenium-devtools-v116-4.12.0.jar;C:\Users\walkingtree\.m2\repository\org\seleniumhq\selenium\selenium-devtools-v85\4.12.0\selenium-devtools-v85-4.12.0.jar;C:\Users\walkingtree\.m2\repository\org\seleniumhq\selenium\selenium-edge-driver\4.12.0\selenium-edge-driver-4.12.0.jar;C:\Users\walkingtree\.m2\repository\org\seleniumhq\selenium\selenium-firefox-driver\4.12.0\selenium-firefox-driver-4.12.0.jar;C:\Users\walkingtree\.m2\repository\org\seleniumhq\selenium\selenium-http\4.12.0\selenium-http-4.12.0.jar;C:\Users\walkingtree\.m2\repository\dev\failsafe\failsafe\3.3.2\failsafe-3.3.2.jar;C:\Users\walkingtree\.m2\repository\org\seleniumhq\selenium\selenium-ie-driver\4.12.0\selenium-ie-driver-4.12.0.jar;C:\Users\walkingtree\.m2\repository\org\seleniumhq\selenium\selenium-remote-driver\4.12.0\selenium-remote-driver-4.12.0.jar;C:\Users\walkingtree\.m2\repository\io\netty\netty-buffer\4.1.96.Final\netty-buffer-4.1.96.Final.jar;C:\Users\walkingtree\.m2\repository\io\netty\netty-codec-http\4.1.96.Final\netty-codec-http-4.1.96.Final.jar;C:\Users\walkingtree\.m2\repository\io\netty\netty-codec\4.1.96.Final\netty-codec-4.1.96.Final.jar;C:\Users\walkingtree\.m2\repository\io\netty\netty-handler\4.1.96.Final\netty-handler-4.1.96.Final.jar;C:\Users\walkingtree\.m2\repository\io\netty\netty-common\4.1.96.Final\netty-common-4.1.96.Final.jar;C:\Users\walkingtree\.m2\repository\io\netty\netty-transport-classes-epoll\4.1.96.Final\netty-transport-classes-epoll-4.1.96.Final.jar;C:\Users\walkingtree\.m2\repository\io\netty\netty-transport-classes-kqueue\4.1.96.Final\netty-transport-classes-kqueue-4.1.96.Final.jar;C:\Users\walkingtree\.m2\repository\io\netty\netty-transport-native-epoll\4.1.96.Final\netty-transport-native-epoll-4.1.96.Final.jar;C:\Users\walkingtree\.m2\repository\io\netty\netty-transport-native-kqueue\4.1.96.Final\netty-transport-native-kqueue-4.1.96.Final.jar;C:\Users\walkingtree\.m2\repository\io\netty\netty-transport-native-unix-common\4.1.96.Final\netty-transport-native-unix-common-4.1.96.Final.jar;C:\Users\walkingtree\.m2\repository\io\netty\netty-transport\4.1.96.Final\netty-transport-4.1.96.Final.jar;C:\Users\walkingtree\.m2\repository\io\netty\netty-resolver\4.1.96.Final\netty-resolver-4.1.96.Final.jar;C:\Users\walkingtree\.m2\repository\io\opentelemetry\opentelemetry-api\1.28.0\opentelemetry-api-1.28.0.jar;C:\Users\walkingtree\.m2\repository\io\opentelemetry\opentelemetry-context\1.28.0\opentelemetry-context-1.28.0.jar;C:\Users\walkingtree\.m2\repository\io\opentelemetry\opentelemetry-exporter-logging\1.28.0\opentelemetry-exporter-logging-1.28.0.jar;C:\Users\walkingtree\.m2\repository\io\opentelemetry\opentelemetry-sdk-metrics\1.28.0\opentelemetry-sdk-metrics-1.28.0.jar;C:\Users\walkingtree\.m2\repository\io\opentelemetry\opentelemetry-extension-incubator\1.28.0-alpha\opentelemetry-extension-incubator-1.28.0-alpha.jar;C:\Users\walkingtree\.m2\repository\io\opentelemetry\opentelemetry-sdk-logs\1.28.0\opentelemetry-sdk-logs-1.28.0.jar;C:\Users\walkingtree\.m2\repository\io\opentelemetry\opentelemetry-sdk-common\1.28.0\opentelemetry-sdk-common-1.28.0.jar;C:\Users\walkingtree\.m2\repository\io\opentelemetry\opentelemetry-sdk-extension-autoconfigure-spi\1.28.0\opentelemetry-sdk-extension-autoconfigure-spi-1.28.0.jar;C:\Users\walkingtree\.m2\repository\io\opentelemetry\opentelemetry-sdk-extension-autoconfigure\1.28.0\opentelemetry-sdk-extension-autoconfigure-1.28.0.jar;C:\Users\walkingtree\.m2\repository\io\opentelemetry\opentelemetry-api-events\1.28.0-alpha\opentelemetry-api-events-1.28.0-alpha.jar;C:\Users\walkingtree\.m2\repository\io\opentelemetry\opentelemetry-sdk-trace\1.28.0\opentelemetry-sdk-trace-1.28.0.jar;C:\Users\walkingtree\.m2\repository\io\opentelemetry\opentelemetry-sdk\1.28.0\opentelemetry-sdk-1.28.0.jar;C:\Users\walkingtree\.m2\repository\io\opentelemetry\opentelemetry-semconv\1.28.0-alpha\opentelemetry-semconv-1.28.0-alpha.jar;C:\Users\walkingtree\.m2\repository\net\bytebuddy\byte-buddy\1.14.5\byte-buddy-1.14.5.jar;C:\Users\walkingtree\.m2\repository\org\asynchttpclient\async-http-client\2.12.3\async-http-client-2.12.3.jar;C:\Users\walkingtree\.m2\repository\org\asynchttpclient\async-http-client-netty-utils\2.12.3\async-http-client-netty-utils-2.12.3.jar;C:\Users\walkingtree\.m2\repository\io\netty\netty-codec-socks\4.1.60.Final\netty-codec-socks-4.1.60.Final.jar;C:\Users\walkingtree\.m2\repository\io\netty\netty-handler-proxy\4.1.60.Final\netty-handler-proxy-4.1.60.Final.jar;C:\Users\walkingtree\.m2\repository\io\netty\netty-transport-native-epoll\4.1.60.Final\netty-transport-native-epoll-4.1.60.Final-linux-x86_64.jar;C:\Users\walkingtree\.m2\repository\io\netty\netty-transport-native-kqueue\4.1.60.Final\netty-transport-native-kqueue-4.1.60.Final-osx-x86_64.jar;C:\Users\walkingtree\.m2\repository\com\typesafe\netty\netty-reactive-streams\2.0.4\netty-reactive-streams-2.0.4.jar;C:\Users\walkingtree\.m2\repository\com\sun\activation\jakarta.activation\1.2.2\jakarta.activation-1.2.2.jar;C:\Users\walkingtree\.m2\repository\org\seleniumhq\selenium\selenium-os\4.12.0\selenium-os-4.12.0.jar;C:\Users\walkingtree\.m2\repository\org\apache\commons\commons-exec\1.3\commons-exec-1.3.jar;C:\Users\walkingtree\.m2\repository\org\seleniumhq\selenium\selenium-safari-driver\4.12.0\selenium-safari-driver-4.12.0.jar;C:\Users\walkingtree\.m2\repository\org\seleniumhq\selenium\selenium-support\4.12.0\selenium-support-4.12.0.jar;C:\Users\walkingtree\.m2\repository\net\masterthought\maven-cucumber-reporting\5.7.4\maven-cucumber-reporting-5.7.4.jar;C:\Users\walkingtree\.m2\repository\org\apache\maven\maven-plugin-api\3.8.6\maven-plugin-api-3.8.6.jar;C:\Users\walkingtree\.m2\repository\org\apache\maven\maven-model\3.8.6\maven-model-3.8.6.jar;C:\Users\walkingtree\.m2\repository\org\apache\maven\maven-artifact\3.8.6\maven-artifact-3.8.6.jar;C:\Users\walkingtree\.m2\repository\org\eclipse\sisu\org.eclipse.sisu.plexus\0.3.5\org.eclipse.sisu.plexus-0.3.5.jar;C:\Users\walkingtree\.m2\repository\javax\annotation\javax.annotation-api\1.2\javax.annotation-api-1.2.jar;C:\Users\walkingtree\.m2\repository\org\eclipse\sisu\org.eclipse.sisu.inject\0.3.5\org.eclipse.sisu.inject-0.3.5.jar;C:\Users\walkingtree\.m2\repository\org\codehaus\plexus\plexus-component-annotations\1.5.5\plexus-component-annotations-1.5.5.jar;C:\Users\walkingtree\.m2\repository\org\codehaus\plexus\plexus-utils\3.3.1\plexus-utils-3.3.1.jar;C:\Users\walkingtree\.m2\repository\org\codehaus\plexus\plexus-classworlds\2.6.0\plexus-classworlds-2.6.0.jar;C:\Users\walkingtree\.m2\repository\commons-collections\commons-collections\3.2.2\commons-collections-3.2.2.jar;C:\Users\walkingtree\.m2\repository\net\masterthought\cucumber-reporting\5.7.4\cucumber-reporting-5.7.4.jar;C:\Users\walkingtree\.m2\repository\com\fasterxml\jackson\core\jackson-databind\2.13.2.2\jackson-databind-2.13.2.2.jar;C:\Users\walkingtree\.m2\repository\com\fasterxml\jackson\core\jackson-annotations\2.13.2\jackson-annotations-2.13.2.jar;C:\Users\walkingtree\.m2\repository\com\fasterxml\jackson\core\jackson-core\2.13.2\jackson-core-2.13.2.jar;C:\Users\walkingtree\.m2\repository\com\fasterxml\jackson\datatype\jackson-datatype-jsr310\2.13.2\jackson-datatype-jsr310-2.13.2.jar;C:\Users\walkingtree\.m2\repository\org\apache\velocity\velocity-engine-core\2.3\velocity-engine-core-2.3.jar;C:\Users\walkingtree\.m2\repository\org\apache\commons\commons-collections4\4.4\commons-collections4-4.4.jar;C:\Users\walkingtree\.m2\repository\joda-time\joda-time\2.10.14\joda-time-2.10.14.jar;C:\Users\walkingtree\.m2\repository\commons-io\commons-io\2.7\commons-io-2.7.jar;C:\Users\walkingtree\.m2\repository\com\googlecode\owasp-java-html-sanitizer\owasp-java-html-sanitizer\20211018.2\owasp-java-html-sanitizer-20211018.2.jar;C:\Users\walkingtree\.m2\repository\commons-configuration\commons-configuration\1.10\commons-configuration-1.10.jar;C:\Users\walkingtree\.m2\repository\commons-lang\commons-lang\2.6\commons-lang-2.6.jar;C:\Users\walkingtree\.m2\repository\com\aventstack\klov-reporter\5.1.0\klov-reporter-5.1.0.jar;C:\Users\walkingtree\.m2\repository\org\mongodb\mongodb-driver\3.6.4\mongodb-driver-3.6.4.jar;C:\Users\walkingtree\.m2\repository\org\mongodb\mongodb-driver-core\3.6.4\mongodb-driver-core-3.6.4.jar;C:\Users\walkingtree\.m2\repository\org\mongodb\bson\3.6.4\bson-3.6.4.jar;C:\Users\walkingtree\.m2\repository\org\apache\httpcomponents\httpclient\4.5.13\httpclient-4.5.13.jar;C:\Users\walkingtree\.m2\repository\org\apache\httpcomponents\httpcore\4.4.13\httpcore-4.4.13.jar;C:\Users\walkingtree\.m2\repository\commons-logging\commons-logging\1.2\commons-logging-1.2.jar;C:\Users\walkingtree\.m2\repository\commons-codec\commons-codec\1.11\commons-codec-1.11.jar;C:\Users\walkingtree\.m2\repository\org\apache\httpcomponents\httpmime\4.5.13\httpmime-4.5.13.jar;C:\Users\walkingtree\.m2\repository\io\cucumber\cucumber-testng\7.8.1\cucumber-testng-7.8.1.jar;C:\Users\walkingtree\.m2\repository\com\relevantcodes\extentreports\2.41.2\extentreports-2.41.2.jar;C:\Users\walkingtree\.m2\repository\org\jsoup\jsoup\1.8.3\jsoup-1.8.3.jar;C:\Users\walkingtree\.m2\repository\org\xerial\sqlite-jdbc\3.8.11.1\sqlite-jdbc-3.8.11.1.jar;C:\Users\walkingtree\.m2\repository\org\freemarker\freemarker\2.3.23\freemarker-2.3.23.jar;C:\Users\walkingtree\.m2\repository\com\aventstack\extentreports\5.1.0\extentreports-5.1.0.jar;C:\Users\walkingtree\.m2\repository\io\reactivex\rxjava3\rxjava\3.1.6\rxjava-3.1.6.jar;C:\Users\walkingtree\.m2\repository\org\reactivestreams\reactive-streams\1.0.4\reactive-streams-1.0.4.jar;C:\Users\walkingtree\.m2\repository\org\projectlombok\lombok\1.18.26\lombok-1.18.26.jar;C:\Users\walkingtree\.m2\repository\log4j\log4j\1.2.17\log4j-1.2.17.jar;C:\Users\walkingtree\.m2\repository\org\testng\testng\7.4.0\testng-7.4.0.jar;C:\Users\walkingtree\.m2\repository\com\beust\jcommander\1.78\jcommander-1.78.jar;C:\Users\walkingtree\.m2\repository\org\webjars\jquery\3.5.1\jquery-3.5.1.jar;"/>
    <property name="sun.cpu.endian" value="little"/>
    <property name="user.home" value="C:\Users\walkingtree"/>
    <property name="user.language" value="en"/>
    <property name="java.specification.vendor" value="Oracle Corporation"/>
    <property name="java.version.date" value="2022-10-18"/>
    <property name="java.home" value="C:\Program Files\Java\jdk-11.0.17"/>
    <property name="file.separator" value="\"/>
    <property name="basedir" value="C:\Users\walkingtree\Test_Entrata"/>
    <property name="java.vm.compressedOopsMode" value="Zero based"/>
    <property name="line.separator" value="&#10;"/>
    <property name="java.specification.name" value="Java Platform API Specification"/>
    <property name="java.vm.specification.vendor" value="Oracle Corporation"/>
    <property name="java.awt.graphicsenv" value="sun.awt.Win32GraphicsEnvironment"/>
    <property name="surefire.real.class.path" value="C:\Users\walkingtree\AppData\Local\Temp\surefire17906799202728123798\surefirebooter3479996656163446560.jar"/>
    <property name="user.script" value=""/>
    <property name="sun.management.compiler" value="HotSpot 64-Bit Tiered Compilers"/>
    <property name="java.runtime.version" value="11.0.17+10-LTS-269"/>
    <property name="user.name" value="walkingtree"/>
    <property name="path.separator" value=";"/>
    <property name="os.version" value="10.0"/>
    <property name="java.runtime.name" value="Java(TM) SE Runtime Environment"/>
    <property name="file.encoding" value="Cp1252"/>
    <property name="java.vm.name" value="Java HotSpot(TM) 64-Bit Server VM"/>
    <property name="java.vendor.version" value="18.9"/>
    <property name="localRepository" value="C:\Users\walkingtree\.m2\repository"/>
    <property name="java.vendor.url.bug" value="https://bugreport.java.com/bugreport/"/>
    <property name="java.io.tmpdir" value="C:\Users\WALKIN~1\AppData\Local\Temp\"/>
    <property name="java.version" value="11.0.17"/>
    <property name="user.dir" value="C:\Users\walkingtree\Test_Entrata"/>
    <property name="os.arch" value="amd64"/>
    <property name="java.vm.specification.name" value="Java Virtual Machine Specification"/>
    <property name="java.awt.printerjob" value="sun.awt.windows.WPrinterJob"/>
    <property name="sun.os.patch.level" value=""/>
    <property name="java.library.path" value="C:\Program Files\Java\jdk-11.0.17\bin;C:\WINDOWS\Sun\Java\bin;C:\WINDOWS\system32;C:\WINDOWS;C:\Python311\Scripts\;C:\Python311\;C:\Program Files\Common Files\Oracle\Java\javapath;C:\Program Files (x86)\Common Files\Oracle\Java\javapath;C:\WINDOWS\system32;C:\WINDOWS;C:\WINDOWS\System32\Wbem;C:\WINDOWS\System32\WindowsPowerShell\v1.0\;C:\WINDOWS\System32\OpenSSH\;C:\Program Files\Git\cmd;C:\Program Files\Java\jdk1.8.0_202;C:\ProgramData\chocolatey\bin;C:\Program Files\nodejs\;C:\Users\walkingtree\Downloads\apache-maven-3.9.9\bin;C:\Program Files\MySQL\MySQL Shell 8.0\bin\;C:\Users\walkingtree\AppData\Local\Microsoft\WindowsApps;C:\Users\walkingtree\AppData\Roaming\npm;C:\Users\walkingtree\AppData\Local\Programs\Microsoft VS Code\bin;C:\Users\walkingtree\Downloads\apache-maven-3.9.9;;."/>
    <property name="java.vendor" value="Oracle Corporation"/>
    <property name="java.vm.info" value="mixed mode"/>
    <property name="java.vm.version" value="11.0.17+10-LTS-269"/>
    <property name="sun.io.unicode.encoding" value="UnicodeLittle"/>
    <property name="java.class.version" value="55.0"/>
  </properties>
  <testcase name="runScenario[&quot;User is the Can&apos;t schedule demo with out filleing all the Details&quot;, &quot;SignIn&quot;](1)" classname="Angular_Form.runner.TestRunner" time="42.826">
    <system-out><![CDATA[
Scenario Outline: User is the Can't schedule demo with out filleing all the Details &amp#27;[90m# src/test/resources/Angular_Form/features/SignIn.feature:13&amp#27;[0m
 INFO [main] (ConfigReader.java:24)- read property file 
 INFO [main] (DriverFactory.java:33)- chrome driver initialized
WebElement wasn't found
 INFO [main] (MyHooks.java:38)- url loaded in browser https://www.entrata.com/c
 INFO [main] (ElementUtils.java:67)- [[ChromeDriver: chrome on windows (d6ed513e7fb245822dedc3bd58b2de90)] -> xpath: //*[contains(@id,'cookie-accept')]] element is clickable
 INFO [main] (ElementUtils.java:35)- clickOnElement(), invoked and clicked on element [[ChromeDriver: chrome on windows (d6ed513e7fb245822dedc3bd58b2de90)] -> xpath: //*[contains(@id,'cookie-accept')]]
  &amp#27;[32mGiven &amp#27;[0m&amp#27;[32muser clicks on accept cookies button&amp#27;[0m                                        &amp#27;[90m# Angular_Form.stepdefinitions.SignIn.userClicksOnAcceptCookiesButton()&amp#27;[0m
 INFO [main] (ElementUtils.java:67)- [[ChromeDriver: chrome on windows (d6ed513e7fb245822dedc3bd58b2de90)] -> xpath: //*[contains(text(),'Schedule Your Demo')]] element is clickable
 INFO [main] (ElementUtils.java:35)- clickOnElement(), invoked and clicked on element Proxy element for: DefaultElementLocator 'By.xpath: //*[contains(text(),'Schedule Your Demo')]'
  &amp#27;[32mThen &amp#27;[0m&amp#27;[32mUser Clicks on the schedule demo button&amp#27;[0m                                      &amp#27;[90m# Angular_Form.stepdefinitions.SignIn.userClicksOnTheScheduleDemoButton()&amp#27;[0m
  &amp#27;[32mThen &amp#27;[0m&amp#27;[32muser scroll to bottom of the page&amp#27;[0m                                            &amp#27;[90m# Angular_Form.stepdefinitions.SignIn.userScrollToBottomOfThePage()&amp#27;[0m
 INFO [main] (ElementUtils.java:67)- [[ChromeDriver: chrome on windows (d6ed513e7fb245822dedc3bd58b2de90)] -> xpath: (//*[contains(text(),'SCHEDULE DEMO')])[1]] element is clickable
 INFO [main] (ElementUtils.java:35)- clickOnElement(), invoked and clicked on element [[ChromeDriver: chrome on windows (d6ed513e7fb245822dedc3bd58b2de90)] -> xpath: (//*[contains(text(),'SCHEDULE DEMO')])[1]]
  &amp#27;[32mThen &amp#27;[0m&amp#27;[32mUser Clicks on the schedule demo button with out filling all the details&amp#27;[0m     &amp#27;[90m# Angular_Form.stepdefinitions.SignIn.userClicksOnTheScheduleDemoButtonWithOutFillingAllTheDetails()&amp#27;[0m
  &amp#27;[32mThen &amp#27;[0m&amp#27;[32muser scroll to top of the page&amp#27;[0m                                               &amp#27;[90m# Angular_Form.stepdefinitions.SignIn.userScrollToTopOfThePage()&amp#27;[0m
 INFO [main] (ElementUtils.java:67)- [[ChromeDriver: chrome on windows (d6ed513e7fb245822dedc3bd58b2de90)] -> xpath: //*[contains(@id, 'ValidMsgFirstName')]] element is clickable
 INFO [main] (ElementUtils.java:153)- getting text from webpage This field is required.
  &amp#27;[32mThen &amp#27;[0m&amp#27;[32muser should able to see &amp#27;[0m&amp#27;[32m&amp#27;[1m"This field is required."&amp#27;[0m&amp#27;[32m message&amp#27;[0m                    &amp#27;[90m# Angular_Form.stepdefinitions.SignIn.userShouldAbleToSeeMessage(java.lang.String)&amp#27;[0m
 INFO [main] (MyHooks.java:55)- driver  quit
]]></system-out>
    <system-err><![CDATA[SLF4J: No SLF4J providers were found.
SLF4J: Defaulting to no-operation (NOP) logger implementation
SLF4J: See https://www.slf4j.org/codes.html#noProviders for further details.
Oct 09, 2024 11:37:00 PM org.openqa.selenium.devtools.CdpVersionFinder findNearestMatch
WARNING: Unable to find CDP implementation matching 129
Oct 09, 2024 11:37:00 PM org.openqa.selenium.chromium.ChromiumDriver lambda$new$5
WARNING: Unable to find version of CDP to use for 129.0.6668.90. You may need to include a dependency on a specific version of the CDP using something similar to `org.seleniumhq.selenium:selenium-devtools-v86:4.12.0` where the version ("v86") matches the version of the chromium-based browser you're using and the version number of the artifact is the same as Selenium's.
]]></system-err>
  </testcase>
  <testcase name="runScenario[&quot;User Fails to log in as Property Manager due to invalid Credentials&quot;, &quot;SignIn&quot;](2)" classname="Angular_Form.runner.TestRunner" time="24.278">
    <system-out><![CDATA[
Scenario Outline: User Fails to log in as Property Manager due to invalid Credentials                          &amp#27;[90m# src/test/resources/Angular_Form/features/SignIn.feature:26&amp#27;[0m
 INFO [main] (ConfigReader.java:24)- read property file 
 INFO [main] (DriverFactory.java:33)- chrome driver initialized
 INFO [main] (MyHooks.java:38)- url loaded in browser https://www.entrata.com/c
 INFO [main] (ElementUtils.java:67)- [[ChromeDriver: chrome on windows (36bdf0b44ec657de51aa0e2cbf9b061a)] -> xpath: //*[contains(@id,'cookie-accept')]] element is clickable
 INFO [main] (ElementUtils.java:35)- clickOnElement(), invoked and clicked on element [[ChromeDriver: chrome on windows (36bdf0b44ec657de51aa0e2cbf9b061a)] -> xpath: //*[contains(@id,'cookie-accept')]]
  &amp#27;[32mGiven &amp#27;[0m&amp#27;[32muser clicks on accept cookies button&amp#27;[0m                                                                   &amp#27;[90m# Angular_Form.stepdefinitions.SignIn.userClicksOnAcceptCookiesButton()&amp#27;[0m
 INFO [main] (ElementUtils.java:67)- [[ChromeDriver: chrome on windows (36bdf0b44ec657de51aa0e2cbf9b061a)] -> xpath: //*[contains(text(),'Sign In')]] element is clickable
 INFO [main] (ElementUtils.java:35)- clickOnElement(), invoked and clicked on element [[ChromeDriver: chrome on windows (36bdf0b44ec657de51aa0e2cbf9b061a)] -> xpath: //*[contains(text(),'Sign In')]]
  &amp#27;[32mGiven &amp#27;[0m&amp#27;[32mUser clicks on sign in button&amp#27;[0m                                                                          &amp#27;[90m# Angular_Form.stepdefinitions.SignIn.userClicksOnSignInButton()&amp#27;[0m
 INFO [main] (ElementUtils.java:67)- [[ChromeDriver: chrome on windows (36bdf0b44ec657de51aa0e2cbf9b061a)] -> xpath: //*[@class='button hover_black new-button w-inline-block']] element is clickable
 INFO [main] (ElementUtils.java:35)- clickOnElement(), invoked and clicked on element Proxy element for: DefaultElementLocator 'By.xpath: //*[@class='button hover_black new-button w-inline-block']'
  &amp#27;[32mThen &amp#27;[0m&amp#27;[32mThen User Clicks On the Property Manager login&amp#27;[0m                                                          &amp#27;[90m# Angular_Form.stepdefinitions.SignIn.thenUserClicksOnThePropertyManagerLogin()&amp#27;[0m
 INFO [main] (ElementUtils.java:67)- [[ChromeDriver: chrome on windows (36bdf0b44ec657de51aa0e2cbf9b061a)] -> xpath: //*[contains(@id,'entrata-username')]] element is clickable
 INFO [main] (ElementUtils.java:46)- clearAndSendKeys(), invoked and enter text  Akshay in [[ChromeDriver: chrome on windows (36bdf0b44ec657de51aa0e2cbf9b061a)] -> xpath: //*[contains(@id,'entrata-username')]]
  &amp#27;[32mThen &amp#27;[0m&amp#27;[32mthe user enters username&amp#27;[0m                                                                                &amp#27;[90m# Angular_Form.stepdefinitions.SignIn.theUserEntersUsername()&amp#27;[0m
 INFO [main] (ElementUtils.java:67)- [[ChromeDriver: chrome on windows (36bdf0b44ec657de51aa0e2cbf9b061a)] -> xpath: //*[contains(@id,'entrata-password')]] element is clickable
 INFO [main] (ElementUtils.java:46)- clearAndSendKeys(), invoked and enter text  Admin123 in [[ChromeDriver: chrome on windows (36bdf0b44ec657de51aa0e2cbf9b061a)] -> xpath: //*[contains(@id,'entrata-password')]]
  &amp#27;[32mThen &amp#27;[0m&amp#27;[32mthe user enters password&amp#27;[0m                                                                                &amp#27;[90m# Angular_Form.stepdefinitions.SignIn.theUserEntersPassword()&amp#27;[0m
 INFO [main] (ElementUtils.java:67)- [[ChromeDriver: chrome on windows (36bdf0b44ec657de51aa0e2cbf9b061a)] -> xpath: //*[contains(text(),'Sign In')]] element is clickable
 INFO [main] (ElementUtils.java:35)- clickOnElement(), invoked and clicked on element [[ChromeDriver: chrome on windows (36bdf0b44ec657de51aa0e2cbf9b061a)] -> xpath: //*[contains(text(),'Sign In')]]
  &amp#27;[32mThen &amp#27;[0m&amp#27;[32mthe user clicks on log in button&amp#27;[0m                                                                        &amp#27;[90m# Angular_Form.stepdefinitions.SignIn.theUserClicksOnLogInButton()&amp#27;[0m
 INFO [main] (ElementUtils.java:67)- [[ChromeDriver: chrome on windows (36bdf0b44ec657de51aa0e2cbf9b061a)] -> xpath: //*[contains(@id, 'statusMessage')]] element is clickable
 INFO [main] (ElementUtils.java:153)- getting text from webpage The username and password provided are not valid. Please try again.
  &amp#27;[32mThen &amp#27;[0m&amp#27;[32mthe user gets &amp#27;[0m&amp#27;[32m&amp#27;[1m"The username and password provided are not valid. Please try again."&amp#27;[0m&amp#27;[32m invalid credentials&amp#27;[0m &amp#27;[90m# Angular_Form.stepdefinitions.SignIn.theUserGetsInvalidCredentials(java.lang.String)&amp#27;[0m
 INFO [main] (MyHooks.java:55)- driver  quit
]]></system-out>
    <system-err><![CDATA[Oct 09, 2024 11:37:41 PM org.openqa.selenium.devtools.CdpVersionFinder findNearestMatch
WARNING: Unable to find CDP implementation matching 129
Oct 09, 2024 11:37:41 PM org.openqa.selenium.chromium.ChromiumDriver lambda$new$5
WARNING: Unable to find version of CDP to use for 129.0.6668.90. You may need to include a dependency on a specific version of the CDP using something similar to `org.seleniumhq.selenium:selenium-devtools-v86:4.12.0` where the version ("v86") matches the version of the chromium-based browser you're using and the version number of the artifact is the same as Selenium's.
]]></system-err>
  </testcase>
  <testcase name="runScenario[&quot;User is the Can&apos;t watch demo with out filleing all the Details&quot;, &quot;SignIn&quot;](3)" classname="Angular_Form.runner.TestRunner" time="25.956">
    <system-out><![CDATA[
Scenario Outline: User is the Can't watch demo with out filleing all the Details &amp#27;[90m# src/test/resources/Angular_Form/features/SignIn.feature:38&amp#27;[0m
 INFO [main] (ConfigReader.java:24)- read property file 
 INFO [main] (DriverFactory.java:33)- chrome driver initialized
 INFO [main] (MyHooks.java:38)- url loaded in browser https://www.entrata.com/c
 INFO [main] (ElementUtils.java:67)- [[ChromeDriver: chrome on windows (f6b262e3e5737e65c9ebd73aae0415b0)] -> xpath: //*[contains(@id,'cookie-accept')]] element is clickable
 INFO [main] (ElementUtils.java:35)- clickOnElement(), invoked and clicked on element [[ChromeDriver: chrome on windows (f6b262e3e5737e65c9ebd73aae0415b0)] -> xpath: //*[contains(@id,'cookie-accept')]]
  &amp#27;[32mGiven &amp#27;[0m&amp#27;[32muser clicks on accept cookies button&amp#27;[0m                                     &amp#27;[90m# Angular_Form.stepdefinitions.SignIn.userClicksOnAcceptCookiesButton()&amp#27;[0m
 INFO [main] (ElementUtils.java:67)- [[ChromeDriver: chrome on windows (f6b262e3e5737e65c9ebd73aae0415b0)] -> xpath: //*[@class='white-button mb-full w-inline-block']] element is clickable
 INFO [main] (ElementUtils.java:35)- clickOnElement(), invoked and clicked on element Proxy element for: DefaultElementLocator 'By.xpath: //*[@class='white-button mb-full w-inline-block']'
  &amp#27;[32mThen &amp#27;[0m&amp#27;[32mUser clicks on the Watch Demo button&amp#27;[0m                                      &amp#27;[90m# Angular_Form.stepdefinitions.SignIn.userClicksOnTheWatchDemoButton()&amp#27;[0m
  &amp#27;[32mThen &amp#27;[0m&amp#27;[32muser scroll to bottom of the page&amp#27;[0m                                         &amp#27;[90m# Angular_Form.stepdefinitions.SignIn.userScrollToBottomOfThePage()&amp#27;[0m
 INFO [main] (ElementUtils.java:67)- [[ChromeDriver: chrome on windows (f6b262e3e5737e65c9ebd73aae0415b0)] -> xpath: (//button[normalize-space()='WATCH DEMO'])[1]] element is clickable
 INFO [main] (ElementUtils.java:35)- clickOnElement(), invoked and clicked on element [[ChromeDriver: chrome on windows (f6b262e3e5737e65c9ebd73aae0415b0)] -> xpath: (//button[normalize-space()='WATCH DEMO'])[1]]
  &amp#27;[32mThen &amp#27;[0m&amp#27;[32mUser Clicks on the watch demo button with out filling all the details&amp#27;[0m     &amp#27;[90m# Angular_Form.stepdefinitions.SignIn.userClicksOnTheWatchDemoButtonWithOutFillingAllTheDetails()&amp#27;[0m
  &amp#27;[32mThen &amp#27;[0m&amp#27;[32muser scroll to top of the page&amp#27;[0m                                            &amp#27;[90m# Angular_Form.stepdefinitions.SignIn.userScrollToTopOfThePage()&amp#27;[0m
 INFO [main] (ElementUtils.java:67)- [[ChromeDriver: chrome on windows (f6b262e3e5737e65c9ebd73aae0415b0)] -> xpath: //*[contains(@id, 'ValidMsgFirstName')]] element is clickable
 INFO [main] (ElementUtils.java:153)- getting text from webpage This field is required.
  &amp#27;[32mThen &amp#27;[0m&amp#27;[32muser should able to see &amp#27;[0m&amp#27;[32m&amp#27;[1m"This field is required."&amp#27;[0m&amp#27;[32m message&amp#27;[0m                 &amp#27;[90m# Angular_Form.stepdefinitions.SignIn.userShouldAbleToSeeMessage(java.lang.String)&amp#27;[0m
 INFO [main] (MyHooks.java:55)- driver  quit
]]></system-out>
    <system-err><![CDATA[Oct 09, 2024 11:38:05 PM org.openqa.selenium.devtools.CdpVersionFinder findNearestMatch
WARNING: Unable to find CDP implementation matching 129
Oct 09, 2024 11:38:05 PM org.openqa.selenium.chromium.ChromiumDriver lambda$new$5
WARNING: Unable to find version of CDP to use for 129.0.6668.90. You may need to include a dependency on a specific version of the CDP using something similar to `org.seleniumhq.selenium:selenium-devtools-v86:4.12.0` where the version ("v86") matches the version of the chromium-based browser you're using and the version number of the artifact is the same as Selenium's.
]]></system-err>
  </testcase>
</testsuite>