<?xml version="1.0" encoding="UTF-8"?>
<!-- Generated by org.testng.reporters.JUnitReportReporter -->
<testsuite hostname="Akshay" failures="0" tests="3" name="Angular_Form.runner.TestRunner" time="88.577" errors="0" timestamp="2024-10-10T00:17:18 IST" skipped="0">
  <testcase classname="Angular_Form.runner.TestRunner" name="runScenario" time="23.927"/>
  <system-out/>
  <testcase classname="Angular_Form.runner.TestRunner" name="runScenario" time="37.583"/>
  <system-out/>
  <testcase classname="Angular_Form.runner.TestRunner" name="runScenario" time="27.067"/>
  <system-out/>
</testsuite> <!-- Angular_Form.runner.TestRunner -->
