<?xml version="1.0" encoding="UTF-8"?>
<!-- Generated by org.testng.reporters.JUnitReportReporter -->
<testsuite hostname="Akshay" failures="0" tests="3" name="Angular_Form.runner.TestRunner" time="93.060" errors="0" timestamp="2024-10-09T23:38:33 IST" skipped="0">
  <testcase classname="Angular_Form.runner.TestRunner" name="runScenario" time="42.805"/>
  <system-out/>
  <testcase classname="Angular_Form.runner.TestRunner" name="runScenario" time="25.956"/>
  <system-out/>
  <testcase classname="Angular_Form.runner.TestRunner" name="runScenario" time="24.299"/>
  <system-out/>
</testsuite> <!-- Angular_Form.runner.TestRunner -->
