<?xml version="1.0" encoding="UTF-8"?>
<!-- Generated by org.testng.reporters.JUnitReportReporter -->
<testsuite hostname="Akshay" failures="0" tests="3" name="Angular_Form.runner.TestRunner" time="123.937" errors="3" timestamp="2024-10-10T11:16:54 IST" skipped="0">
  <testcase classname="Angular_Form.runner.TestRunner" name="runScenario" time="19.139">
    <error type="java.lang.NullPointerException">
      <![CDATA[java.lang.NullPointerException
at Angular_Form.utils.ElementUtils.clickElement(ElementUtils.java:34)
at Angular_Form.pages.SignInPage.AcceptCookies(SignInPage.java:59)
at Angular_Form.stepdefinitions.SignIn.userClicksOnAcceptCookiesButton(SignIn.java:17)
at ✽.user clicks on accept cookies button(file:///C:/Users/walkingtree/Test_Entrata/src/test/resources/Angular_Form/features/SignIn.feature:5)
]]>
    </error>
  </testcase> <!-- runScenario -->
  <system-out/>
  <testcase classname="Angular_Form.runner.TestRunner" name="runScenario" time="22.172">
    <error message="timeout: Timed out receiving message from renderer: 15.000
  (Session info: chrome=129.0.6668.90)
Build info: version: &#039;4.12.0&#039;, revision: &#039;249f2a7d1b*&#039;
System info: os.name: &#039;Windows 11&#039;, os.arch: &#039;amd64&#039;, os.version: &#039;10.0&#039;, java.version: &#039;11.0.17&#039;
Driver info: org.openqa.selenium.chrome.ChromeDriver
Command: [c0fd03ddbf18931e8636c659dfcb1997, clickElement {id=f.9BA352C71034D83DDBDA57F80B56DF95.d.3A76F7C5881A1CB5546F2AF81274BA1B.e.388}]
Capabilities {acceptInsecureCerts: false, browserName: chrome, browserVersion: 129.0.6668.90, chrome: {chromedriverVersion: 129.0.6668.91 (b00bc8b76d60..., userDataDir: C:\Users\WALKIN~1\AppData\L...}, fedcm:accounts: true, goog:chromeOptions: {debuggerAddress: localhost:64341}, networkConnectionEnabled: false, pageLoadStrategy: normal, platformName: windows, proxy: Proxy(), se:cdp: ws://localhost:64341/devtoo..., se:cdpVersion: 129.0.6668.90, setWindowRect: true, strictFileInteractability: false, timeouts: {implicit: 0, pageLoad: 300000, script: 30000}, unhandledPromptBehavior: dismiss and notify, webauthn:extension:credBlob: true, webauthn:extension:largeBlob: true, webauthn:extension:minPinLength: true, webauthn:extension:prf: true, webauthn:virtualAuthenticators: true}
Element: [[ChromeDriver: chrome on windows (c0fd03ddbf18931e8636c659dfcb1997)] -&gt; xpath: //*[@class=&#039;white-button mb-full w-inline-block&#039;]]
Session ID: c0fd03ddbf18931e8636c659dfcb1997" type="org.openqa.selenium.TimeoutException">
      <![CDATA[org.openqa.selenium.TimeoutException: timeout: Timed out receiving message from renderer: 15.000
  (Session info: chrome=129.0.6668.90)
Build info: version: '4.12.0', revision: '249f2a7d1b*'
System info: os.name: 'Windows 11', os.arch: 'amd64', os.version: '10.0', java.version: '11.0.17'
Driver info: org.openqa.selenium.chrome.ChromeDriver
Command: [c0fd03ddbf18931e8636c659dfcb1997, clickElement {id=f.9BA352C71034D83DDBDA57F80B56DF95.d.3A76F7C5881A1CB5546F2AF81274BA1B.e.388}]
Capabilities {acceptInsecureCerts: false, browserName: chrome, browserVersion: 129.0.6668.90, chrome: {chromedriverVersion: 129.0.6668.91 (b00bc8b76d60..., userDataDir: C:\Users\WALKIN~1\AppData\L...}, fedcm:accounts: true, goog:chromeOptions: {debuggerAddress: localhost:64341}, networkConnectionEnabled: false, pageLoadStrategy: normal, platformName: windows, proxy: Proxy(), se:cdp: ws://localhost:64341/devtoo..., se:cdpVersion: 129.0.6668.90, setWindowRect: true, strictFileInteractability: false, timeouts: {implicit: 0, pageLoad: 300000, script: 30000}, unhandledPromptBehavior: dismiss and notify, webauthn:extension:credBlob: true, webauthn:extension:largeBlob: true, webauthn:extension:minPinLength: true, webauthn:extension:prf: true, webauthn:virtualAuthenticators: true}
Element: [[ChromeDriver: chrome on windows (c0fd03ddbf18931e8636c659dfcb1997)] -> xpath: //*[@class='white-button mb-full w-inline-block']]
Session ID: c0fd03ddbf18931e8636c659dfcb1997
at java.base/jdk.internal.reflect.NativeConstructorAccessorImpl.newInstance0(Native Method)
at java.base/jdk.internal.reflect.NativeConstructorAccessorImpl.newInstance(NativeConstructorAccessorImpl.java:62)
at java.base/jdk.internal.reflect.DelegatingConstructorAccessorImpl.newInstance(DelegatingConstructorAccessorImpl.java:45)
at java.base/java.lang.reflect.Constructor.newInstance(Constructor.java:490)
at org.openqa.selenium.remote.codec.w3c.W3CHttpResponseCodec.createException(W3CHttpResponseCodec.java:200)
at org.openqa.selenium.remote.codec.w3c.W3CHttpResponseCodec.decode(W3CHttpResponseCodec.java:133)
at org.openqa.selenium.remote.codec.w3c.W3CHttpResponseCodec.decode(W3CHttpResponseCodec.java:52)
at org.openqa.selenium.remote.HttpCommandExecutor.execute(HttpCommandExecutor.java:191)
at org.openqa.selenium.remote.service.DriverCommandExecutor.invokeExecute(DriverCommandExecutor.java:196)
at org.openqa.selenium.remote.service.DriverCommandExecutor.execute(DriverCommandExecutor.java:171)
at org.openqa.selenium.remote.RemoteWebDriver.execute(RemoteWebDriver.java:602)
at org.openqa.selenium.remote.RemoteWebElement.execute(RemoteWebElement.java:224)
at org.openqa.selenium.remote.RemoteWebElement.click(RemoteWebElement.java:77)
at java.base/jdk.internal.reflect.NativeMethodAccessorImpl.invoke0(Native Method)
at java.base/jdk.internal.reflect.NativeMethodAccessorImpl.invoke(NativeMethodAccessorImpl.java:62)
at java.base/jdk.internal.reflect.DelegatingMethodAccessorImpl.invoke(DelegatingMethodAccessorImpl.java:43)
at java.base/java.lang.reflect.Method.invoke(Method.java:566)
at org.openqa.selenium.support.pagefactory.internal.LocatingElementHandler.invoke(LocatingElementHandler.java:51)
at com.sun.proxy.$Proxy26.click(Unknown Source)
at Angular_Form.utils.ElementUtils.clickElement(ElementUtils.java:34)
at Angular_Form.pages.SignInPage.watchdemobutton(SignInPage.java:114)
at Angular_Form.stepdefinitions.SignIn.userClicksOnTheWatchDemoButton(SignIn.java:63)
at ✽.User clicks on the Watch Demo button(file:///C:/Users/walkingtree/Test_Entrata/src/test/resources/Angular_Form/features/SignIn.feature:31)
]]>
    </error>
  </testcase> <!-- runScenario -->
  <system-out/>
  <testcase classname="Angular_Form.runner.TestRunner" name="runScenario" time="82.626">
    <error type="java.lang.NullPointerException">
      <![CDATA[java.lang.NullPointerException
at Angular_Form.utils.ElementUtils.clickElement(ElementUtils.java:34)
at Angular_Form.pages.SignInPage.signinbutton(SignInPage.java:96)
at Angular_Form.stepdefinitions.SignIn.theUserClicksOnLogInButton(SignIn.java:59)
at ✽.the user clicks on log in button(file:///C:/Users/walkingtree/Test_Entrata/src/test/resources/Angular_Form/features/SignIn.feature:22)
]]>
    </error>
  </testcase> <!-- runScenario -->
  <system-out/>
</testsuite> <!-- Angular_Form.runner.TestRunner -->
