<?xml version="1.0" encoding="UTF-8"?>
<!-- Generated by org.testng.reporters.JUnitReportReporter -->
<testsuite hostname="Akshay" failures="0" tests="3" name="Angular_Form.runner.TestRunner" time="75.916" errors="0" timestamp="2024-10-10T01:48:24 IST" skipped="0">
  <testcase classname="Angular_Form.runner.TestRunner" name="runScenario" time="26.360"/>
  <system-out/>
  <testcase classname="Angular_Form.runner.TestRunner" name="runScenario" time="21.546"/>
  <system-out/>
  <testcase classname="Angular_Form.runner.TestRunner" name="runScenario" time="28.010"/>
  <system-out/>
</testsuite> <!-- Angular_Form.runner.TestRunner -->
